c:\users\joel\documents\digi\digi\digi\digi\x64\debug\vc141.pdb
c:\users\joel\documents\digi\digi\digi\digi\x64\debug\vc141.idb
c:\users\joel\documents\digi\digi\digi\digi\x64\debug\unitobject.obj
c:\users\joel\documents\digi\digi\digi\digi\x64\debug\uielement.obj
c:\users\joel\documents\digi\digi\digi\digi\x64\debug\tilemap.obj
c:\users\joel\documents\digi\digi\digi\digi\x64\debug\player.obj
c:\users\joel\documents\digi\digi\digi\digi\x64\debug\node.obj
c:\users\joel\documents\digi\digi\digi\digi\x64\debug\macrovalues.obj
c:\users\joel\documents\digi\digi\digi\digi\x64\debug\inputhandler.obj
c:\users\joel\documents\digi\digi\digi\digi\x64\debug\gameobject.obj
c:\users\joel\documents\digi\digi\digi\digi\x64\debug\gameengine.obj
c:\users\joel\documents\digi\digi\digi\digi\x64\debug\main.obj
c:\users\joel\documents\digi\digi\digi\digi\x64\debug\mappainter.obj
c:\users\joel\documents\digi\digi\digi\digi\x64\debug\handler.obj
c:\users\joel\documents\digi\digi\digi\x64\debug\digi.lib
c:\users\joel\documents\digi\digi\digi\x64\debug\digi.exp
c:\users\joel\documents\digi\digi\digi\x64\debug\digi.exe
c:\users\joel\documents\digi\digi\digi\x64\debug\digi.ilk
c:\users\joel\documents\digi\digi\digi\x64\debug\digi.pdb
c:\users\joel\documents\digi\digi\digi\digi\x64\debug\digi.tlog\cl.command.1.tlog
c:\users\joel\documents\digi\digi\digi\digi\x64\debug\digi.tlog\cl.read.1.tlog
c:\users\joel\documents\digi\digi\digi\digi\x64\debug\digi.tlog\cl.write.1.tlog
c:\users\joel\documents\digi\digi\digi\digi\x64\debug\digi.tlog\digi.write.1u.tlog
c:\users\joel\documents\digi\digi\digi\digi\x64\debug\digi.tlog\link.7516.delete.1.tlog
c:\users\joel\documents\digi\digi\digi\digi\x64\debug\digi.tlog\link.command.1.tlog
c:\users\joel\documents\digi\digi\digi\digi\x64\debug\digi.tlog\link.delete.1.tlog
c:\users\joel\documents\digi\digi\digi\digi\x64\debug\digi.tlog\link.read.1.tlog
c:\users\joel\documents\digi\digi\digi\digi\x64\debug\digi.tlog\link.write.1.tlog
