c:\users\joel\documents\digi\digi\digi\mappainter\x64\debug\vc141.pdb
c:\users\joel\documents\digi\digi\digi\mappainter\x64\debug\vc141.idb
c:\users\joel\documents\digi\digi\digi\mappainter\x64\debug\unitobject.obj
c:\users\joel\documents\digi\digi\digi\mappainter\x64\debug\uielement.obj
c:\users\joel\documents\digi\digi\digi\mappainter\x64\debug\tilemap.obj
c:\users\joel\documents\digi\digi\digi\mappainter\x64\debug\player.obj
c:\users\joel\documents\digi\digi\digi\mappainter\x64\debug\node.obj
c:\users\joel\documents\digi\digi\digi\mappainter\x64\debug\mappainter.obj
c:\users\joel\documents\digi\digi\digi\mappainter\x64\debug\macrovalues.obj
c:\users\joel\documents\digi\digi\digi\mappainter\x64\debug\inputhandler.obj
c:\users\joel\documents\digi\digi\digi\mappainter\x64\debug\gameobject.obj
c:\users\joel\documents\digi\digi\digi\mappainter\x64\debug\gameengine.obj
c:\users\joel\documents\digi\digi\digi\x64\debug\mappainter.exe
c:\users\joel\documents\digi\digi\digi\x64\debug\mappainter.ilk
c:\users\joel\documents\digi\digi\digi\x64\debug\mappainter.pdb
c:\users\joel\documents\digi\digi\digi\mappainter\x64\debug\mappainter.tlog\cl.command.1.tlog
c:\users\joel\documents\digi\digi\digi\mappainter\x64\debug\mappainter.tlog\cl.read.1.tlog
c:\users\joel\documents\digi\digi\digi\mappainter\x64\debug\mappainter.tlog\cl.write.1.tlog
c:\users\joel\documents\digi\digi\digi\mappainter\x64\debug\mappainter.tlog\link.command.1.tlog
c:\users\joel\documents\digi\digi\digi\mappainter\x64\debug\mappainter.tlog\link.read.1.tlog
c:\users\joel\documents\digi\digi\digi\mappainter\x64\debug\mappainter.tlog\link.write.1.tlog
